<?xml version="1.0" encoding="UTF-8"?>
<!-- Generated by org.testng.reporters.JUnitReportReporter -->
<testsuite hostname="Admins-MacBook-Pro.local" failures="0" tests="3" name="Pets" time="5.826" errors="0" timestamp="2022-05-31T20:52:54 EAT" skipped="0">
  <testcase classname="Pets" name="addPet" time="2.869"/>
  <system-out/>
  <testcase classname="Pets" name="getPetByStatus" time="1.442"/>
  <system-out/>
  <testcase classname="Pets" name="deletePet" time="1.515"/>
  <system-out/>
</testsuite> <!-- Pets -->
