<?xml version="1.0" encoding="UTF-8"?>
<!-- Generated by org.testng.reporters.JUnitReportReporter -->
<testsuite hostname="Admins-MacBook-Pro.local" failures="0" tests="4" name="Store" time="11.806" errors="0" timestamp="2022-05-31T20:52:54 EAT" skipped="0">
  <testcase classname="Store" name="findOrder" time="3.375"/>
  <system-out/>
  <testcase classname="Store" name="placeOrder" time="2.766"/>
  <system-out/>
  <testcase classname="Store" name="deleteOrder" time="2.805"/>
  <system-out/>
  <testcase classname="Store" name="getStoreInventory" time="2.860"/>
  <system-out/>
</testsuite> <!-- Store -->
