<?xml version="1.0" encoding="UTF-8"?>
<!-- Generated by org.testng.reporters.JUnitReportReporter -->
<testsuite hostname="Admins-MacBook-Pro.local" failures="0" tests="5" name="User" time="12.377" errors="0" timestamp="2022-05-31T14:01:42 EAT" skipped="0">
  <testcase classname="User" name="userLogin" time="2.873"/>
  <system-out/>
  <testcase classname="User" name="createUser" time="1.366"/>
  <system-out/>
  <testcase classname="User" name="getUser" time="3.072"/>
  <system-out/>
  <testcase classname="User" name="deleteUser" time="3.485"/>
  <system-out/>
  <testcase classname="User" name="userLogout" time="1.581"/>
  <system-out/>
</testsuite> <!-- User -->
