<?xml version="1.0" encoding="UTF-8"?>
<!-- Generated by org.testng.reporters.JUnitReportReporter -->
<testsuite hostname="Admins-MacBook-Pro.local" failures="0" tests="3" name="Pets" time="5.265" errors="0" timestamp="2022-05-31T14:01:42 EAT" skipped="0">
  <testcase classname="Pets" name="addPet" time="2.312"/>
  <system-out/>
  <testcase classname="Pets" name="getPetByStatus" time="1.399"/>
  <system-out/>
  <testcase classname="Pets" name="deletePet" time="1.554"/>
  <system-out/>
</testsuite> <!-- Pets -->
