<?xml version="1.0" encoding="UTF-8"?>
<!-- Generated by org.testng.reporters.JUnitReportReporter -->
<testsuite hostname="Admins-MacBook-Pro.local" failures="0" tests="4" name="Store" time="12.050" errors="0" timestamp="2022-05-31T17:09:40 EAT" skipped="0">
  <testcase classname="Store" name="findOrder" time="3.072"/>
  <system-out/>
  <testcase classname="Store" name="placeOrder" time="3.037"/>
  <system-out/>
  <testcase classname="Store" name="deleteOrder" time="3.041"/>
  <system-out/>
  <testcase classname="Store" name="getStoreInventory" time="2.900"/>
  <system-out/>
</testsuite> <!-- Store -->
