<?xml version="1.0" encoding="UTF-8"?>
<!-- Generated by org.testng.reporters.JUnitReportReporter -->
<testsuite hostname="Admins-MacBook-Pro.local" failures="0" tests="4" name="Store" time="13.172" errors="0" timestamp="2022-05-31T14:01:42 EAT" skipped="0">
  <testcase classname="Store" name="findOrder" time="3.281"/>
  <system-out/>
  <testcase classname="Store" name="placeOrder" time="2.673"/>
  <system-out/>
  <testcase classname="Store" name="deleteOrder" time="2.970"/>
  <system-out/>
  <testcase classname="Store" name="getStoreInventory" time="4.248"/>
  <system-out/>
</testsuite> <!-- Store -->
