<?xml version="1.0" encoding="UTF-8"?>
<!-- Generated by org.testng.reporters.JUnitReportReporter -->
<testsuite hostname="Admins-MacBook-Pro.local" failures="0" tests="5" name="User" time="56.095" errors="0" timestamp="2022-05-30T09:46:35 EAT" skipped="0">
  <testcase classname="User" name="getUser" time="3.813"/>
  <system-out/>
  <testcase classname="User" name="userLogin" time="12.197"/>
  <system-out/>
  <testcase classname="User" name="createUser" time="3.225"/>
  <system-out/>
  <testcase classname="User" name="userLogout" time="33.244"/>
  <system-out/>
  <testcase classname="User" name="deleteUser" time="3.616"/>
  <system-out/>
</testsuite> <!-- User -->
